[0.752s] Invoking command in '/home/inteli/pond-prog/src/turtle_draw_project': DEBUGINFOD_URLS=https://debuginfod.ubuntu.com PYTHONPATH=/home/inteli/pond-prog/build/turtle_draw_project/prefix_override:/usr/lib/python3/dist-packages/colcon_core/task/python/colcon_distutils_commands:/home/inteli/pond-prog/install/turtle_draw_project/lib/python3.12/site-packages:${PYTHONPATH} /usr/bin/python3 -W ignore:setup.py install is deprecated -W ignore:easy_install command is deprecated setup.py egg_info --egg-base ../../build/turtle_draw_project build --build-base /home/inteli/pond-prog/build/turtle_draw_project/build install --record /home/inteli/pond-prog/build/turtle_draw_project/install.log --single-version-externally-managed install_data
[1.009s] running egg_info
[1.028s] writing ../../build/turtle_draw_project/turtle_draw_project.egg-info/PKG-INFO
[1.028s] writing dependency_links to ../../build/turtle_draw_project/turtle_draw_project.egg-info/dependency_links.txt
[1.029s] writing entry points to ../../build/turtle_draw_project/turtle_draw_project.egg-info/entry_points.txt
[1.029s] writing requirements to ../../build/turtle_draw_project/turtle_draw_project.egg-info/requires.txt
[1.029s] writing top-level names to ../../build/turtle_draw_project/turtle_draw_project.egg-info/top_level.txt
[1.068s] reading manifest file '../../build/turtle_draw_project/turtle_draw_project.egg-info/SOURCES.txt'
[1.069s] writing manifest file '../../build/turtle_draw_project/turtle_draw_project.egg-info/SOURCES.txt'
[1.069s] running build
[1.069s] running build_py
[1.069s] copying turtle_draw_project/turtle_drawer.py -> /home/inteli/pond-prog/build/turtle_draw_project/build/lib/turtle_draw_project
[1.069s] running install
[1.075s] running install_lib
[1.095s] copying /home/inteli/pond-prog/build/turtle_draw_project/build/lib/turtle_draw_project/turtle_drawer.py -> /home/inteli/pond-prog/install/turtle_draw_project/lib/python3.12/site-packages/turtle_draw_project
[1.095s] byte-compiling /home/inteli/pond-prog/install/turtle_draw_project/lib/python3.12/site-packages/turtle_draw_project/turtle_drawer.py to turtle_drawer.cpython-312.pyc
[1.096s] running install_data
[1.096s] running install_egg_info
[1.117s] removing '/home/inteli/pond-prog/install/turtle_draw_project/lib/python3.12/site-packages/turtle_draw_project-0.0.0-py3.12.egg-info' (and everything under it)
[1.118s] Copying ../../build/turtle_draw_project/turtle_draw_project.egg-info to /home/inteli/pond-prog/install/turtle_draw_project/lib/python3.12/site-packages/turtle_draw_project-0.0.0-py3.12.egg-info
[1.118s] running install_scripts
[1.244s] Installing turtle_drawer script to /home/inteli/pond-prog/install/turtle_draw_project/lib/turtle_draw_project
[1.244s] writing list of installed files to '/home/inteli/pond-prog/build/turtle_draw_project/install.log'
[1.270s] Invoked command in '/home/inteli/pond-prog/src/turtle_draw_project' returned '0': DEBUGINFOD_URLS=https://debuginfod.ubuntu.com PYTHONPATH=/home/inteli/pond-prog/build/turtle_draw_project/prefix_override:/usr/lib/python3/dist-packages/colcon_core/task/python/colcon_distutils_commands:/home/inteli/pond-prog/install/turtle_draw_project/lib/python3.12/site-packages:${PYTHONPATH} /usr/bin/python3 -W ignore:setup.py install is deprecated -W ignore:easy_install command is deprecated setup.py egg_info --egg-base ../../build/turtle_draw_project build --build-base /home/inteli/pond-prog/build/turtle_draw_project/build install --record /home/inteli/pond-prog/build/turtle_draw_project/install.log --single-version-externally-managed install_data
